# JRE version: Java(TM) SE Runtime Environment (8.0_102-b14) (build 1.8.0_102-b14)
# Java VM: Java HotSpot(TM) 64-Bit Server VM (25.102-b14 mixed mode bsd-amd64 compressed oops)
Heap:
 PSYoungGen      total 875008K, used 21109K [0x000000072ab00000, 0x0000000764300000, 0x00000007c0000000)
  eden space 818688K, 2% used [0x000000072ab00000,0x000000072bf9d4b0,0x000000075ca80000)
  from space 56320K, 0% used [0x0000000760500000,0x0000000760500000,0x0000000763c00000)
  to   space 59904K, 0% used [0x000000075ca80000,0x000000075ca80000,0x0000000760500000)
 ParOldGen       total 3381248K, used 65451K [0x0000000600000000, 0x00000006ce600000, 0x000000072ab00000)
  object space 3381248K, 1% used [0x0000000600000000,0x0000000603feadc0,0x00000006ce600000)
 Metaspace       used 100389K, capacity 110360K, committed 111508K, reserved 1144832K
  class space    used 13449K, capacity 15810K, committed 16060K, reserved 1048576K
GC Heap History (10 events):
Event: 2353.663 GC heap before
{Heap before GC invocations=10 (full 4):
 PSYoungGen      total 709120K, used 622080K [0x000000072ab00000, 0x0000000764180000, 0x00000007c0000000)
  eden space 622080K, 100% used [0x000000072ab00000,0x0000000750a80000,0x0000000750a80000)
  from space 87040K, 0% used [0x0000000750a80000,0x0000000750a80000,0x0000000755f80000)
  to   space 55808K, 0% used [0x0000000760b00000,0x0000000760b00000,0x0000000764180000)
 ParOldGen       total 3381248K, used 72724K [0x0000000600000000, 0x00000006ce600000, 0x000000072ab00000)
  object space 3381248K, 2% used [0x0000000600000000,0x0000000604705180,0x00000006ce600000)
 Metaspace       used 100870K, capacity 111122K, committed 111252K, reserved 1144832K
  class space    used 13528K, capacity 15953K, committed 16060K, reserved 1048576K
Event: 2354.612 GC heap after
Heap after GC invocations=10 (full 4):
 PSYoungGen      total 878080K, used 44605K [0x000000072ab00000, 0x0000000764200000, 0x00000007c0000000)
  eden space 822272K, 0% used [0x000000072ab00000,0x000000072ab00000,0x000000075ce00000)
  from space 55808K, 79% used [0x0000000760b00000,0x000000076368f500,0x0000000764180000)
  to   space 59392K, 0% used [0x000000075ce00000,0x000000075ce00000,0x0000000760800000)
 ParOldGen       total 3381248K, used 72732K [0x0000000600000000, 0x00000006ce600000, 0x000000072ab00000)
  object space 3381248K, 2% used [0x0000000600000000,0x0000000604707180,0x00000006ce600000)
 Metaspace       used 100870K, capacity 111122K, committed 111252K, reserved 1144832K
  class space    used 13528K, capacity 15953K, committed 16060K, reserved 1048576K
}
Event: 3644.236 GC heap before
{Heap before GC invocations=11 (full 4):
 PSYoungGen      total 878080K, used 71503K [0x000000072ab00000, 0x0000000764200000, 0x00000007c0000000)
  eden space 822272K, 3% used [0x000000072ab00000,0x000000072c5448a0,0x000000075ce00000)
  from space 55808K, 79% used [0x0000000760b00000,0x000000076368f500,0x0000000764180000)
  to   space 59392K, 0% used [0x000000075ce00000,0x000000075ce00000,0x0000000760800000)
 ParOldGen       total 3381248K, used 72732K [0x0000000600000000, 0x00000006ce600000, 0x000000072ab00000)
  object space 3381248K, 2% used [0x0000000600000000,0x0000000604707180,0x00000006ce600000)
 Metaspace       used 100873K, capacity 111122K, committed 111252K, reserved 1144832K
  class space    used 13528K, capacity 15953K, committed 16060K, reserved 1048576K
Event: 3644.323 GC heap after
Heap after GC invocations=11 (full 4):
 PSYoungGen      total 854528K, used 32107K [0x000000072ab00000, 0x0000000763c00000, 0x00000007c0000000)
  eden space 822272K, 0% used [0x000000072ab00000,0x000000072ab00000,0x000000075ce00000)
  from space 32256K, 99% used [0x000000075ce00000,0x000000075ed5ae48,0x000000075ed80000)
  to   space 56320K, 0% used [0x0000000760500000,0x0000000760500000,0x0000000763c00000)
 ParOldGen       total 3381248K, used 72732K [0x0000000600000000, 0x00000006ce600000, 0x000000072ab00000)
  object space 3381248K, 2% used [0x0000000600000000,0x0000000604707180,0x00000006ce600000)
 Metaspace       used 100873K, capacity 111122K, committed 111252K, reserved 1144832K
  class space    used 13528K, capacity 15953K, committed 16060K, reserved 1048576K
}
Event: 3644.323 GC heap before
{Heap before GC invocations=12 (full 5):
 PSYoungGen      total 854528K, used 32107K [0x000000072ab00000, 0x0000000763c00000, 0x00000007c0000000)
  eden space 822272K, 0% used [0x000000072ab00000,0x000000072ab00000,0x000000075ce00000)
  from space 32256K, 99% used [0x000000075ce00000,0x000000075ed5ae48,0x000000075ed80000)
  to   space 56320K, 0% used [0x0000000760500000,0x0000000760500000,0x0000000763c00000)
 ParOldGen       total 3381248K, used 72732K [0x0000000600000000, 0x00000006ce600000, 0x000000072ab00000)
  object space 3381248K, 2% used [0x0000000600000000,0x0000000604707180,0x00000006ce600000)
 Metaspace       used 100873K, capacity 111122K, committed 111252K, reserved 1144832K
  class space    used 13528K, capacity 15953K, committed 16060K, reserved 1048576K
Event: 3646.902 GC heap after
Heap after GC invocations=12 (full 5):
 PSYoungGen      total 854528K, used 0K [0x000000072ab00000, 0x0000000763c00000, 0x00000007c0000000)
  eden space 822272K, 0% used [0x000000072ab00000,0x000000072ab00000,0x000000075ce00000)
  from space 32256K, 0% used [0x000000075ce00000,0x000000075ce00000,0x000000075ed80000)
  to   space 56320K, 0% used [0x0000000760500000,0x0000000760500000,0x0000000763c00000)
 ParOldGen       total 3381248K, used 80550K [0x0000000600000000, 0x00000006ce600000, 0x000000072ab00000)
  object space 3381248K, 2% used [0x0000000600000000,0x0000000604ea9b28,0x00000006ce600000)
 Metaspace       used 100873K, capacity 111122K, committed 111252K, reserved 1144832K
  class space    used 13528K, capacity 15953K, committed 16060K, reserved 1048576K
}
Event: 7246.905 GC heap before
{Heap before GC invocations=13 (full 5):
 PSYoungGen      total 854528K, used 86791K [0x000000072ab00000, 0x0000000763c00000, 0x00000007c0000000)
  eden space 822272K, 10% used [0x000000072ab00000,0x000000072ffc1c58,0x000000075ce00000)
  from space 32256K, 0% used [0x000000075ce00000,0x000000075ce00000,0x000000075ed80000)
  to   space 56320K, 0% used [0x0000000760500000,0x0000000760500000,0x0000000763c00000)
 ParOldGen       total 3381248K, used 80550K [0x0000000600000000, 0x00000006ce600000, 0x000000072ab00000)
  object space 3381248K, 2% used [0x0000000600000000,0x0000000604ea9b28,0x00000006ce600000)
 Metaspace       used 100908K, capacity 111186K, committed 111508K, reserved 1144832K
  class space    used 13528K, capacity 15953K, committed 16060K, reserved 1048576K
Event: 7246.945 GC heap after
Heap after GC invocations=13 (full 5):
 PSYoungGen      total 875008K, used 160K [0x000000072ab00000, 0x0000000764300000, 0x00000007c0000000)
  eden space 818688K, 0% used [0x000000072ab00000,0x000000072ab00000,0x000000075ca80000)
  from space 56320K, 0% used [0x0000000760500000,0x0000000760528000,0x0000000763c00000)
  to   space 59904K, 0% used [0x000000075ca80000,0x000000075ca80000,0x0000000760500000)
 ParOldGen       total 3381248K, used 80550K [0x0000000600000000, 0x00000006ce600000, 0x000000072ab00000)
  object space 3381248K, 2% used [0x0000000600000000,0x0000000604ea9b28,0x00000006ce600000)
 Metaspace       used 100908K, capacity 111186K, committed 111508K, reserved 1144832K
  class space    used 13528K, capacity 15953K, committed 16060K, reserved 1048576K
}
Event: 7246.945 GC heap before
{Heap before GC invocations=14 (full 6):
 PSYoungGen      total 875008K, used 160K [0x000000072ab00000, 0x0000000764300000, 0x00000007c0000000)
  eden space 818688K, 0% used [0x000000072ab00000,0x000000072ab00000,0x000000075ca80000)
  from space 56320K, 0% used [0x0000000760500000,0x0000000760528000,0x0000000763c00000)
  to   space 59904K, 0% used [0x000000075ca80000,0x000000075ca80000,0x0000000760500000)
 ParOldGen       total 3381248K, used 80550K [0x0000000600000000, 0x00000006ce600000, 0x000000072ab00000)
  object space 3381248K, 2% used [0x0000000600000000,0x0000000604ea9b28,0x00000006ce600000)
 Metaspace       used 100908K, capacity 111186K, committed 111508K, reserved 1144832K
  class space    used 13528K, capacity 15953K, committed 16060K, reserved 1048576K
Event: 7247.448 GC heap after
Heap after GC invocations=14 (full 6):
 PSYoungGen      total 875008K, used 0K [0x000000072ab00000, 0x0000000764300000, 0x00000007c0000000)
  eden space 818688K, 0% used [0x000000072ab00000,0x000000072ab00000,0x000000075ca80000)
  from space 56320K, 0% used [0x0000000760500000,0x0000000760500000,0x0000000763c00000)
  to   space 59904K, 0% used [0x000000075ca80000,0x000000075ca80000,0x0000000760500000)
 ParOldGen       total 3381248K, used 65451K [0x0000000600000000, 0x00000006ce600000, 0x000000072ab00000)
  object space 3381248K, 1% used [0x0000000600000000,0x0000000603feadc0,0x00000006ce600000)
 Metaspace       used 100385K, capacity 110360K, committed 111508K, reserved 1144832K
  class space    used 13449K, capacity 15810K, committed 16060K, reserved 1048576K
}

