# JRE version: Java(TM) SE Runtime Environment (8.0_102-b14) (build 1.8.0_102-b14)
# Java VM: Java HotSpot(TM) 64-Bit Server VM (25.102-b14 mixed mode bsd-amd64 compressed oops)
Heap:
 PSYoungGen      total 611328K, used 12001K [0x000000072ab00000, 0x0000000772f00000, 0x00000007c0000000)
  eden space 583680K, 2% used [0x000000072ab00000,0x000000072b6b8718,0x000000074e500000)
  from space 27648K, 0% used [0x000000074ee00000,0x000000074ee00000,0x0000000750900000)
  to   space 300032K, 0% used [0x0000000760a00000,0x0000000760a00000,0x0000000772f00000)
 ParOldGen       total 2474496K, used 93405K [0x0000000600000000, 0x0000000697080000, 0x000000072ab00000)
  object space 2474496K, 3% used [0x0000000600000000,0x0000000605b37650,0x0000000697080000)
 Metaspace       used 87534K, capacity 96265K, committed 96600K, reserved 1132544K
  class space    used 11635K, capacity 13648K, committed 13696K, reserved 1048576K
GC Heap History (10 events):
Event: 249.181 GC heap before
{Heap before GC invocations=9 (full 3):
 PSYoungGen      total 766464K, used 730699K [0x000000072ab00000, 0x0000000766e80000, 0x00000007c0000000)
  eden space 679424K, 100% used [0x000000072ab00000,0x0000000754280000,0x0000000754280000)
  from space 87040K, 58% used [0x0000000754280000,0x0000000757492c08,0x0000000759780000)
  to   space 62976K, 0% used [0x0000000763100000,0x0000000763100000,0x0000000766e80000)
 ParOldGen       total 1398272K, used 47950K [0x0000000600000000, 0x0000000655580000, 0x000000072ab00000)
  object space 1398272K, 3% used [0x0000000600000000,0x0000000602ed3b38,0x0000000655580000)
 Metaspace       used 81690K, capacity 89999K, committed 90072K, reserved 1126400K
  class space    used 10988K, capacity 13012K, committed 13056K, reserved 1048576K
Event: 249.319 GC heap after
Heap after GC invocations=9 (full 3):
 PSYoungGen      total 726016K, used 57717K [0x000000072ab00000, 0x0000000766980000, 0x00000007c0000000)
  eden space 668160K, 0% used [0x000000072ab00000,0x000000072ab00000,0x0000000753780000)
  from space 57856K, 99% used [0x0000000763100000,0x000000076695d770,0x0000000766980000)
  to   space 72704K, 0% used [0x000000075db80000,0x000000075db80000,0x0000000762280000)
 ParOldGen       total 1398272K, used 47958K [0x0000000600000000, 0x0000000655580000, 0x000000072ab00000)
  object space 1398272K, 3% used [0x0000000600000000,0x0000000602ed5b38,0x0000000655580000)
 Metaspace       used 81690K, capacity 89999K, committed 90072K, reserved 1126400K
  class space    used 10988K, capacity 13012K, committed 13056K, reserved 1048576K
}
Event: 1225.993 GC heap before
{Heap before GC invocations=10 (full 3):
 PSYoungGen      total 726016K, used 725877K [0x000000072ab00000, 0x0000000766980000, 0x00000007c0000000)
  eden space 668160K, 100% used [0x000000072ab00000,0x0000000753780000,0x0000000753780000)
  from space 57856K, 99% used [0x0000000763100000,0x000000076695d770,0x0000000766980000)
  to   space 72704K, 0% used [0x000000075db80000,0x000000075db80000,0x0000000762280000)
 ParOldGen       total 1398272K, used 47958K [0x0000000600000000, 0x0000000655580000, 0x000000072ab00000)
  object space 1398272K, 3% used [0x0000000600000000,0x0000000602ed5b38,0x0000000655580000)
 Metaspace       used 87239K, capacity 96297K, committed 96600K, reserved 1132544K
  class space    used 11606K, capacity 13624K, committed 13696K, reserved 1048576K
Event: 1226.209 GC heap after
Heap after GC invocations=10 (full 3):
 PSYoungGen      total 722432K, used 65478K [0x000000072ab00000, 0x0000000763180000, 0x00000007c0000000)
  eden space 656896K, 0% used [0x000000072ab00000,0x000000072ab00000,0x0000000752c80000)
  from space 65536K, 99% used [0x000000075db80000,0x0000000761b71948,0x0000000761b80000)
  to   space 22528K, 0% used [0x0000000761b80000,0x0000000761b80000,0x0000000763180000)
 ParOldGen       total 1398272K, used 47974K [0x0000000600000000, 0x0000000655580000, 0x000000072ab00000)
  object space 1398272K, 3% used [0x0000000600000000,0x0000000602ed9b38,0x0000000655580000)
 Metaspace       used 87239K, capacity 96297K, committed 96600K, reserved 1132544K
  class space    used 11606K, capacity 13624K, committed 13696K, reserved 1048576K
}
Event: 4037.626 GC heap before
{Heap before GC invocations=11 (full 3):
 PSYoungGen      total 722432K, used 683945K [0x000000072ab00000, 0x0000000763180000, 0x00000007c0000000)
  eden space 656896K, 94% used [0x000000072ab00000,0x00000007506f8e58,0x0000000752c80000)
  from space 65536K, 99% used [0x000000075db80000,0x0000000761b71948,0x0000000761b80000)
  to   space 22528K, 0% used [0x0000000761b80000,0x0000000761b80000,0x0000000763180000)
 ParOldGen       total 1398272K, used 47974K [0x0000000600000000, 0x0000000655580000, 0x000000072ab00000)
  object space 1398272K, 3% used [0x0000000600000000,0x0000000602ed9b38,0x0000000655580000)
 Metaspace       used 87504K, capacity 96409K, committed 96600K, reserved 1132544K
  class space    used 11621K, capacity 13632K, committed 13696K, reserved 1048576K
Event: 4038.527 GC heap after
Heap after GC invocations=11 (full 3):
 PSYoungGen      total 615424K, used 22507K [0x000000072ab00000, 0x0000000777d00000, 0x00000007c0000000)
  eden space 592896K, 0% used [0x000000072ab00000,0x000000072ab00000,0x000000074ee00000)
  from space 22528K, 99% used [0x0000000761b80000,0x000000076317ae10,0x0000000763180000)
  to   space 308736K, 0% used [0x000000074ee00000,0x000000074ee00000,0x0000000761b80000)
 ParOldGen       total 1398272K, used 594680K [0x0000000600000000, 0x0000000655580000, 0x000000072ab00000)
  object space 1398272K, 42% used [0x0000000600000000,0x00000006244be0a8,0x0000000655580000)
 Metaspace       used 87504K, capacity 96409K, committed 96600K, reserved 1132544K
  class space    used 11621K, capacity 13632K, committed 13696K, reserved 1048576K
}
Event: 4236.766 GC heap before
{Heap before GC invocations=12 (full 3):
 PSYoungGen      total 615424K, used 615403K [0x000000072ab00000, 0x0000000777d00000, 0x00000007c0000000)
  eden space 592896K, 100% used [0x000000072ab00000,0x000000074ee00000,0x000000074ee00000)
  from space 22528K, 99% used [0x0000000761b80000,0x000000076317ae10,0x0000000763180000)
  to   space 308736K, 0% used [0x000000074ee00000,0x000000074ee00000,0x0000000761b80000)
 ParOldGen       total 1398272K, used 594680K [0x0000000600000000, 0x0000000655580000, 0x000000072ab00000)
  object space 1398272K, 42% used [0x0000000600000000,0x00000006244be0a8,0x0000000655580000)
 Metaspace       used 87657K, capacity 96505K, committed 96600K, reserved 1132544K
  class space    used 11644K, capacity 13664K, committed 13696K, reserved 1048576K
Event: 4238.519 GC heap after
Heap after GC invocations=12 (full 3):
 PSYoungGen      total 611328K, used 27611K [0x000000072ab00000, 0x0000000772f00000, 0x00000007c0000000)
  eden space 583680K, 0% used [0x000000072ab00000,0x000000072ab00000,0x000000074e500000)
  from space 27648K, 99% used [0x000000074ee00000,0x00000007508f6f28,0x0000000750900000)
  to   space 300032K, 0% used [0x0000000760a00000,0x0000000760a00000,0x0000000772f00000)
 ParOldGen       total 1694720K, used 1483566K [0x0000000600000000, 0x0000000667700000, 0x000000072ab00000)
  object space 1694720K, 87% used [0x0000000600000000,0x000000065a8cba20,0x0000000667700000)
 Metaspace       used 87657K, capacity 96505K, committed 96600K, reserved 1132544K
  class space    used 11644K, capacity 13664K, committed 13696K, reserved 1048576K
}
Event: 4238.519 GC heap before
{Heap before GC invocations=13 (full 4):
 PSYoungGen      total 611328K, used 27611K [0x000000072ab00000, 0x0000000772f00000, 0x00000007c0000000)
  eden space 583680K, 0% used [0x000000072ab00000,0x000000072ab00000,0x000000074e500000)
  from space 27648K, 99% used [0x000000074ee00000,0x00000007508f6f28,0x0000000750900000)
  to   space 300032K, 0% used [0x0000000760a00000,0x0000000760a00000,0x0000000772f00000)
 ParOldGen       total 1694720K, used 1483566K [0x0000000600000000, 0x0000000667700000, 0x000000072ab00000)
  object space 1694720K, 87% used [0x0000000600000000,0x000000065a8cba20,0x0000000667700000)
 Metaspace       used 87657K, capacity 96505K, committed 96600K, reserved 1132544K
  class space    used 11644K, capacity 13664K, committed 13696K, reserved 1048576K
Event: 4239.355 GC heap after
Heap after GC invocations=13 (full 4):
 PSYoungGen      total 611328K, used 0K [0x000000072ab00000, 0x0000000772f00000, 0x00000007c0000000)
  eden space 583680K, 0% used [0x000000072ab00000,0x000000072ab00000,0x000000074e500000)
  from space 27648K, 0% used [0x000000074ee00000,0x000000074ee00000,0x0000000750900000)
  to   space 300032K, 0% used [0x0000000760a00000,0x0000000760a00000,0x0000000772f00000)
 ParOldGen       total 2474496K, used 93405K [0x0000000600000000, 0x0000000697080000, 0x000000072ab00000)
  object space 2474496K, 3% used [0x0000000600000000,0x0000000605b37650,0x0000000697080000)
 Metaspace       used 87534K, capacity 96265K, committed 96600K, reserved 1132544K
  class space    used 11635K, capacity 13648K, committed 13696K, reserved 1048576K
}

