# JRE version: Java(TM) SE Runtime Environment (8.0_102-b14) (build 1.8.0_102-b14)
# Java VM: Java HotSpot(TM) 64-Bit Server VM (25.102-b14 mixed mode bsd-amd64 compressed oops)
Heap:
 PSYoungGen      total 945664K, used 17149K [0x000000072ab00000, 0x0000000769800000, 0x00000007c0000000)
  eden space 884736K, 1% used [0x000000072ab00000,0x000000072bbbf798,0x0000000760b00000)
  from space 60928K, 0% used [0x0000000761c80000,0x0000000761c80000,0x0000000765800000)
  to   space 65536K, 0% used [0x0000000765800000,0x0000000765800000,0x0000000769800000)
 ParOldGen       total 3313664K, used 84135K [0x0000000600000000, 0x00000006ca400000, 0x000000072ab00000)
  object space 3313664K, 2% used [0x0000000600000000,0x0000000605229f88,0x00000006ca400000)
 Metaspace       used 89115K, capacity 98224K, committed 98496K, reserved 1134592K
  class space    used 12034K, capacity 14167K, committed 14208K, reserved 1048576K
GC Heap History (10 events):
Event: 24.369 GC heap before
{Heap before GC invocations=7 (full 3):
 PSYoungGen      total 611840K, used 524796K [0x000000072ab00000, 0x000000075d200000, 0x00000007c0000000)
  eden space 524800K, 99% used [0x000000072ab00000,0x000000074ab7f0f0,0x000000074ab80000)
  from space 87040K, 0% used [0x000000074ab80000,0x000000074ab80000,0x0000000750080000)
  to   space 87040K, 0% used [0x0000000757d00000,0x0000000757d00000,0x000000075d200000)
 ParOldGen       total 2407424K, used 47636K [0x0000000600000000, 0x0000000692f00000, 0x000000072ab00000)
  object space 2407424K, 1% used [0x0000000600000000,0x0000000602e85060,0x0000000692f00000)
 Metaspace       used 74214K, capacity 82164K, committed 82304K, reserved 1120256K
  class space    used 10225K, capacity 12139K, committed 12160K, reserved 1048576K
Event: 24.420 GC heap after
Heap after GC invocations=7 (full 3):
 PSYoungGen      total 720896K, used 38088K [0x000000072ab00000, 0x000000075c900000, 0x00000007c0000000)
  eden space 643072K, 0% used [0x000000072ab00000,0x000000072ab00000,0x0000000751f00000)
  from space 77824K, 48% used [0x0000000757d00000,0x000000075a232080,0x000000075c900000)
  to   space 87040K, 0% used [0x0000000751f00000,0x0000000751f00000,0x0000000757400000)
 ParOldGen       total 2407424K, used 47644K [0x0000000600000000, 0x0000000692f00000, 0x000000072ab00000)
  object space 2407424K, 1% used [0x0000000600000000,0x0000000602e87060,0x0000000692f00000)
 Metaspace       used 74214K, capacity 82164K, committed 82304K, reserved 1120256K
  class space    used 10225K, capacity 12139K, committed 12160K, reserved 1048576K
}
Event: 25.061 GC heap before
{Heap before GC invocations=8 (full 3):
 PSYoungGen      total 720896K, used 681160K [0x000000072ab00000, 0x000000075c900000, 0x00000007c0000000)
  eden space 643072K, 100% used [0x000000072ab00000,0x0000000751f00000,0x0000000751f00000)
  from space 77824K, 48% used [0x0000000757d00000,0x000000075a232080,0x000000075c900000)
  to   space 87040K, 0% used [0x0000000751f00000,0x0000000751f00000,0x0000000757400000)
 ParOldGen       total 2407424K, used 47644K [0x0000000600000000, 0x0000000692f00000, 0x000000072ab00000)
  object space 2407424K, 1% used [0x0000000600000000,0x0000000602e87060,0x0000000692f00000)
 Metaspace       used 74506K, capacity 82490K, committed 82688K, reserved 1120256K
  class space    used 10259K, capacity 12162K, committed 12288K, reserved 1048576K
Event: 25.092 GC heap after
Heap after GC invocations=8 (full 3):
 PSYoungGen      total 730112K, used 19628K [0x000000072ab00000, 0x0000000769380000, 0x00000007c0000000)
  eden space 643072K, 0% used [0x000000072ab00000,0x000000072ab00000,0x0000000751f00000)
  from space 87040K, 22% used [0x0000000751f00000,0x000000075322b208,0x0000000757400000)
  to   space 41984K, 0% used [0x0000000766a80000,0x0000000766a80000,0x0000000769380000)
 ParOldGen       total 2407424K, used 47652K [0x0000000600000000, 0x0000000692f00000, 0x000000072ab00000)
  object space 2407424K, 1% used [0x0000000600000000,0x0000000602e89060,0x0000000692f00000)
 Metaspace       used 74506K, capacity 82490K, committed 82688K, reserved 1120256K
  class space    used 10259K, capacity 12162K, committed 12288K, reserved 1048576K
}
Event: 163.340 GC heap before
{Heap before GC invocations=9 (full 3):
 PSYoungGen      total 730112K, used 662700K [0x000000072ab00000, 0x0000000769380000, 0x00000007c0000000)
  eden space 643072K, 100% used [0x000000072ab00000,0x0000000751f00000,0x0000000751f00000)
  from space 87040K, 22% used [0x0000000751f00000,0x000000075322b208,0x0000000757400000)
  to   space 41984K, 0% used [0x0000000766a80000,0x0000000766a80000,0x0000000769380000)
 ParOldGen       total 2407424K, used 47652K [0x0000000600000000, 0x0000000692f00000, 0x000000072ab00000)
  object space 2407424K, 1% used [0x0000000600000000,0x0000000602e89060,0x0000000692f00000)
 Metaspace       used 88256K, capacity 97478K, committed 97792K, reserved 1132544K
  class space    used 11939K, capacity 14014K, committed 14080K, reserved 1048576K
Event: 163.405 GC heap after
Heap after GC invocations=9 (full 3):
 PSYoungGen      total 939008K, used 41966K [0x000000072ab00000, 0x0000000769380000, 0x00000007c0000000)
  eden space 897024K, 0% used [0x000000072ab00000,0x000000072ab00000,0x0000000761700000)
  from space 41984K, 99% used [0x0000000766a80000,0x000000076937b8d0,0x0000000769380000)
  to   space 60928K, 0% used [0x0000000761c80000,0x0000000761c80000,0x0000000765800000)
 ParOldGen       total 2407424K, used 68188K [0x0000000600000000, 0x0000000692f00000, 0x000000072ab00000)
  object space 2407424K, 2% used [0x0000000600000000,0x00000006042971e8,0x0000000692f00000)
 Metaspace       used 88256K, capacity 97478K, committed 97792K, reserved 1132544K
  class space    used 11939K, capacity 14014K, committed 14080K, reserved 1048576K
}
Event: 5109.013 GC heap before
{Heap before GC invocations=10 (full 3):
 PSYoungGen      total 939008K, used 334010K [0x000000072ab00000, 0x0000000769380000, 0x00000007c0000000)
  eden space 897024K, 32% used [0x000000072ab00000,0x000000073c833298,0x0000000761700000)
  from space 41984K, 99% used [0x0000000766a80000,0x000000076937b8d0,0x0000000769380000)
  to   space 60928K, 0% used [0x0000000761c80000,0x0000000761c80000,0x0000000765800000)
 ParOldGen       total 2407424K, used 68188K [0x0000000600000000, 0x0000000692f00000, 0x000000072ab00000)
  object space 2407424K, 2% used [0x0000000600000000,0x00000006042971e8,0x0000000692f00000)
 Metaspace       used 89239K, capacity 98400K, committed 98496K, reserved 1134592K
  class space    used 12043K, capacity 14183K, committed 14208K, reserved 1048576K
Event: 5109.562 GC heap after
Heap after GC invocations=10 (full 3):
 PSYoungGen      total 945664K, used 60527K [0x000000072ab00000, 0x0000000769800000, 0x00000007c0000000)
  eden space 884736K, 0% used [0x000000072ab00000,0x000000072ab00000,0x0000000760b00000)
  from space 60928K, 99% used [0x0000000761c80000,0x000000076579bfe8,0x0000000765800000)
  to   space 65536K, 0% used [0x0000000765800000,0x0000000765800000,0x0000000769800000)
 ParOldGen       total 2407424K, used 68196K [0x0000000600000000, 0x0000000692f00000, 0x000000072ab00000)
  object space 2407424K, 2% used [0x0000000600000000,0x00000006042991e8,0x0000000692f00000)
 Metaspace       used 89239K, capacity 98400K, committed 98496K, reserved 1134592K
  class space    used 12043K, capacity 14183K, committed 14208K, reserved 1048576K
}
Event: 5109.562 GC heap before
{Heap before GC invocations=11 (full 4):
 PSYoungGen      total 945664K, used 60527K [0x000000072ab00000, 0x0000000769800000, 0x00000007c0000000)
  eden space 884736K, 0% used [0x000000072ab00000,0x000000072ab00000,0x0000000760b00000)
  from space 60928K, 99% used [0x0000000761c80000,0x000000076579bfe8,0x0000000765800000)
  to   space 65536K, 0% used [0x0000000765800000,0x0000000765800000,0x0000000769800000)
 ParOldGen       total 2407424K, used 68196K [0x0000000600000000, 0x0000000692f00000, 0x000000072ab00000)
  object space 2407424K, 2% used [0x0000000600000000,0x00000006042991e8,0x0000000692f00000)
 Metaspace       used 89239K, capacity 98400K, committed 98496K, reserved 1134592K
  class space    used 12043K, capacity 14183K, committed 14208K, reserved 1048576K
Event: 5111.266 GC heap after
Heap after GC invocations=11 (full 4):
 PSYoungGen      total 945664K, used 0K [0x000000072ab00000, 0x0000000769800000, 0x00000007c0000000)
  eden space 884736K, 0% used [0x000000072ab00000,0x000000072ab00000,0x0000000760b00000)
  from space 60928K, 0% used [0x0000000761c80000,0x0000000761c80000,0x0000000765800000)
  to   space 65536K, 0% used [0x0000000765800000,0x0000000765800000,0x0000000769800000)
 ParOldGen       total 3313664K, used 84135K [0x0000000600000000, 0x00000006ca400000, 0x000000072ab00000)
  object space 3313664K, 2% used [0x0000000600000000,0x0000000605229f88,0x00000006ca400000)
 Metaspace       used 89113K, capacity 98160K, committed 98496K, reserved 1134592K
  class space    used 12034K, capacity 14167K, committed 14208K, reserved 1048576K
}

